<?xml version="1.0" encoding="UTF-8"?>
<robot generator="Robot 4.1.3 (Python 3.9.6 on win32)" generated="20220406 19:27:52.295" rpa="false" schemaversion="2">
<suite id="s1" name="Testcases" source="C:\Users\way2automation\PycharmProjects\RobotFrameworkProject\testcases">
<suite id="s1-s1" name="Test Drag And Drop" source="C:\Users\way2automation\PycharmProjects\RobotFrameworkProject\testcases\test_drag_and_drop.robot">
<test id="s1-s1-t1" name="Handling Drag and Drop">
<kw name="launching browser" library="commons">
<arg>https://jqueryui.com/resources/demos/droppable/default.html</arg>
<arg>chrome</arg>
<kw name="Open Browser" library="SeleniumLibrary">
<arg>${url}</arg>
<arg>${browserName}</arg>
<doc>Opens a new browser instance to the optional ``url``.</doc>
<msg timestamp="20220406 19:27:52.561" level="INFO">Opening browser 'chrome' to base url 'https://jqueryui.com/resources/demos/droppable/default.html'.</msg>
<status status="PASS" starttime="20220406 19:27:52.561" endtime="20220406 19:27:56.498"/>
</kw>
<kw name="Set Selenium Implicit Wait" library="SeleniumLibrary">
<arg>10 seconds</arg>
<doc>Sets the implicit wait value used by Selenium.</doc>
<status status="PASS" starttime="20220406 19:27:56.499" endtime="20220406 19:27:56.501"/>
</kw>
<kw name="Log Title" library="SeleniumLibrary">
<doc>Logs and returns the title of the current page.</doc>
<msg timestamp="20220406 19:27:56.506" level="INFO">jQuery UI Droppable - Default functionality</msg>
<status status="PASS" starttime="20220406 19:27:56.501" endtime="20220406 19:27:56.506"/>
</kw>
<status status="PASS" starttime="20220406 19:27:52.561" endtime="20220406 19:27:56.508"/>
</kw>
<kw name="Drag And Drop" library="SeleniumLibrary">
<arg>id:draggable</arg>
<arg>id:droppable</arg>
<doc>Drags the element identified by ``locator`` into the ``target`` element.</doc>
<status status="PASS" starttime="20220406 19:27:56.508" endtime="20220406 19:27:57.075"/>
</kw>
<status status="PASS" starttime="20220406 19:27:52.560" endtime="20220406 19:27:57.075"/>
</test>
<status status="PASS" starttime="20220406 19:27:52.368" endtime="20220406 19:27:57.077"/>
</suite>
<status status="PASS" starttime="20220406 19:27:52.351" endtime="20220406 19:27:57.081"/>
</suite>
<statistics>
<total>
<stat pass="1" fail="0" skip="0">All Tests</stat>
</total>
<tag>
</tag>
<suite>
<stat pass="1" fail="0" skip="0" id="s1" name="Testcases">Testcases</stat>
<stat pass="1" fail="0" skip="0" id="s1-s1" name="Test Drag And Drop">Testcases.Test Drag And Drop</stat>
</suite>
</statistics>
<errors>
</errors>
</robot>
